[INFO] Scanning for projects...
[INFO] 
[INFO] -------------------< com.mealapp:meal-mind-backend >--------------------
[INFO] Building meal-mind-backend 0.0.1-SNAPSHOT
[INFO]   from pom.xml
[INFO] --------------------------------[ jar ]---------------------------------
[INFO] 
[INFO] >>> spring-boot:3.2.0:run (default-cli) > test-compile @ meal-mind-backend >>>
[INFO] 
[INFO] --- resources:3.3.1:resources (default-resources) @ meal-mind-backend ---
[INFO] Copying 1 resource from src/main/resources to target/classes
[INFO] Copying 0 resource from src/main/resources to target/classes
[INFO] 
[INFO] --- compiler:3.11.0:compile (default-compile) @ meal-mind-backend ---
[INFO] Changes detected - recompiling the module! :source
[INFO] Compiling 36 source files with javac [debug release 17] to target/classes
[INFO] Annotation processing is enabled because one or more processors were found
  on the class path. A future release of javac may disable annotation processing
  unless at least one processor is specified by name (-processor), or a search
  path is specified (--processor-path, --processor-module-path), or annotation
  processing is enabled explicitly (-proc:only, -proc:full).
  Use -Xlint:-options to suppress this message.
  Use -proc:none to disable annotation processing.
[INFO] 
[INFO] --- resources:3.3.1:testResources (default-testResources) @ meal-mind-backend ---
[INFO] skip non existing resourceDirectory /Users/thanhdao/Documents/MealMind/backend/src/test/resources
[INFO] 
[INFO] --- compiler:3.11.0:testCompile (default-testCompile) @ meal-mind-backend ---
[INFO] No sources to compile
[INFO] 
[INFO] <<< spring-boot:3.2.0:run (default-cli) < test-compile @ meal-mind-backend <<<
[INFO] 
[INFO] 
[INFO] --- spring-boot:3.2.0:run (default-cli) @ meal-mind-backend ---
[INFO] Attaching agents: []

  .   ____          _            __ _ _
 /\\ / ___'_ __ _ _(_)_ __  __ _ \ \ \ \
( ( )\___ | '_ | '_| | '_ \/ _` | \ \ \ \
 \\/  ___)| |_)| | | | | || (_| |  ) ) ) )
  '  |____| .__|_| |_|_| |_\__, | / / / /
 =========|_|==============|___/=/_/_/_/
 :: Spring Boot ::                (v3.2.0)

2026-04-27T14:40:17.317+07:00  INFO 32651 --- [           main] com.mealapp.MealMindApplication          : Starting MealMindApplication using Java 21.0.8 with PID 32651 (/Users/thanhdao/Documents/MealMind/backend/target/classes started by thanhdao in /Users/thanhdao/Documents/MealMind/backend)
2026-04-27T14:40:17.318+07:00  INFO 32651 --- [           main] com.mealapp.MealMindApplication          : No active profile set, falling back to 1 default profile: "default"
2026-04-27T14:40:17.509+07:00  INFO 32651 --- [           main] .s.d.r.c.RepositoryConfigurationDelegate : Bootstrapping Spring Data JPA repositories in DEFAULT mode.
2026-04-27T14:40:17.540+07:00  INFO 32651 --- [           main] .s.d.r.c.RepositoryConfigurationDelegate : Finished Spring Data repository scanning in 28 ms. Found 7 JPA repository interfaces.
2026-04-27T14:40:17.689+07:00  INFO 32651 --- [           main] o.s.b.w.embedded.tomcat.TomcatWebServer  : Tomcat initialized with port 8080 (http)
2026-04-27T14:40:17.692+07:00  INFO 32651 --- [           main] o.apache.catalina.core.StandardService   : Starting service [Tomcat]
2026-04-27T14:40:17.692+07:00  INFO 32651 --- [           main] o.apache.catalina.core.StandardEngine    : Starting Servlet engine: [Apache Tomcat/10.1.16]
2026-04-27T14:40:17.708+07:00  INFO 32651 --- [           main] o.a.c.c.C.[Tomcat].[localhost].[/]       : Initializing Spring embedded WebApplicationContext
2026-04-27T14:40:17.708+07:00  INFO 32651 --- [           main] w.s.c.ServletWebServerApplicationContext : Root WebApplicationContext: initialization completed in 379 ms
2026-04-27T14:40:17.856+07:00  INFO 32651 --- [           main] o.s.o.j.p.SpringPersistenceUnitInfo      : No LoadTimeWeaver setup: ignoring JPA class transformer
2026-04-27T14:40:17.867+07:00  INFO 32651 --- [           main] com.zaxxer.hikari.HikariDataSource       : HikariPool-1 - Starting...
2026-04-27T14:40:17.990+07:00  INFO 32651 --- [           main] com.zaxxer.hikari.pool.HikariPool        : HikariPool-1 - Added connection ConnectionID:1 ClientConnectionId: 23048191-795f-4e19-8238-6d80d3a2c09b
2026-04-27T14:40:17.990+07:00  INFO 32651 --- [           main] com.zaxxer.hikari.HikariDataSource       : HikariPool-1 - Start completed.
2026-04-27T14:40:18.313+07:00  INFO 32651 --- [           main] j.LocalContainerEntityManagerFactoryBean : Initialized JPA EntityManagerFactory for persistence unit 'default'
2026-04-27T14:40:18.449+07:00  INFO 32651 --- [           main] o.s.d.j.r.query.QueryEnhancerFactory     : Hibernate is in classpath; If applicable, HQL parser will be used.
2026-04-27T14:40:18.726+07:00  INFO 32651 --- [           main] o.s.s.web.DefaultSecurityFilterChain     : Will secure any request with [org.springframework.security.web.session.DisableEncodeUrlFilter@788be73c, org.springframework.security.web.context.request.async.WebAsyncManagerIntegrationFilter@65018381, org.springframework.security.web.context.SecurityContextHolderFilter@8ccec82, org.springframework.security.web.header.HeaderWriterFilter@37b97394, org.springframework.web.filter.CorsFilter@75a0e0c2, org.springframework.security.web.authentication.logout.LogoutFilter@70721c2d, com.mealapp.security.JwtAuthenticationFilter@43255f91, org.springframework.security.web.savedrequest.RequestCacheAwareFilter@12a0f131, org.springframework.security.web.servletapi.SecurityContextHolderAwareRequestFilter@4eff65ce, org.springframework.security.web.authentication.AnonymousAuthenticationFilter@4190b111, org.springframework.security.web.session.SessionManagementFilter@18e4bbec, org.springframework.security.web.access.ExceptionTranslationFilter@541ea657, org.springframework.security.web.access.intercept.AuthorizationFilter@16716cc0]
2026-04-27T14:40:18.822+07:00  INFO 32651 --- [           main] o.s.b.w.embedded.tomcat.TomcatWebServer  : Tomcat started on port 8080 (http) with context path ''
2026-04-27T14:40:18.825+07:00  INFO 32651 --- [           main] com.mealapp.MealMindApplication          : Started MealMindApplication in 1.615 seconds (process running for 1.721)
2026-04-27T14:40:28.950+07:00  INFO 32651 --- [nio-8080-exec-1] o.a.c.c.C.[Tomcat].[localhost].[/]       : Initializing Spring DispatcherServlet 'dispatcherServlet'
2026-04-27T14:40:28.951+07:00  INFO 32651 --- [nio-8080-exec-1] o.s.web.servlet.DispatcherServlet        : Initializing Servlet 'dispatcherServlet'
2026-04-27T14:40:28.951+07:00  INFO 32651 --- [nio-8080-exec-1] o.s.web.servlet.DispatcherServlet        : Completed initialization in 0 ms
2026-04-27T14:40:29.045+07:00  WARN 32651 --- [nio-8080-exec-2] o.s.w.s.h.HandlerMappingIntrospector     : Cache miss for REQUEST dispatch to '/api/admin/users' (previous null). Performing MatchableHandlerMapping lookup. This is logged once only at WARN level, and every time at TRACE.
